<?xml version="1.0" encoding="UTF-8" standalone="no"?><testsuite errors="0" failures="0" name="com.oxxofintech.tests.mobileremittanceservice.remittances.available.RemittancesAvailableNegativeTests" skipped="0" tests="2" time="6.63" timestamp="2023-06-23 05:02:16"><testcase classname="com.oxxofintech.tests.mobileremittanceservice.remittances.available.RemittancesAvailableNegativeTests" name="GET - Remittances Available With Expired Token Test"/><testcase classname="com.oxxofintech.tests.mobileremittanceservice.remittances.available.RemittancesAvailableNegativeTests" name="POST - Remittances Available With Invalid Method Test"/></testsuite>